<?xml version="1.0" encoding="UTF-8"?>
<!-- Generated by org.testng.reporters.JUnitXMLReporter -->
<testsuite ignored="1" hostname="LAPTOP-7ICRH45S" failures="2" tests="7" name="GroupTest" time="0.215" errors="0" timestamp="2026-02-12T00:24:39 IST">
  <testcase classname="com.netBanking.testCase.TC_LoginTest_01" name="loginTest" time="0.047">
    <skipped/>
  </testcase> <!-- loginTest -->
  <testcase classname="com.netBanking.testCase.TC_LoginTest_01" name="loginTest" time="0.006">
    <skipped/>
  </testcase> <!-- loginTest -->
  <testcase classname="com.netBanking.testCase.TC_LoginTest_01" name="loginTest" time="0.006">
    <skipped/>
  </testcase> <!-- loginTest -->
  <testcase classname="com.netBanking.testCase.TC_LoginTest_01" name="loginTest" time="0.006">
    <skipped/>
  </testcase> <!-- loginTest -->
  <testcase classname="com.netBanking.testCase.TC_LoginTest_01" name="loginTest" time="0.006">
    <skipped/>
  </testcase> <!-- loginTest -->
  <testcase classname="com.netBanking.testCase.TC_LoginTest_01" name="loginTest" time="0.004">
    <failure type="java.lang.NullPointerException">
      <![CDATA[java.lang.NullPointerException
at com.netBanking.testCase.TC_LoginTest_01.loginTest(TC_LoginTest_01.java:28)
at java.base/java.util.ArrayList.forEach(ArrayList.java:1541)
... Removed 27 stack frames]]>
    </failure>
  </testcase> <!-- loginTest -->
  <testcase classname="com.netBanking.testCase.TC_AddNewCustomerTest_03" name="addNewCustomer" time="0.016">
    <failure type="java.lang.NullPointerException">
      <![CDATA[java.lang.NullPointerException
at com.netBanking.testCase.TC_AddNewCustomerTest_03.addNewCustomer(TC_AddNewCustomerTest_03.java:14)
at java.base/java.util.ArrayList.forEach(ArrayList.java:1541)
... Removed 27 stack frames]]>
    </failure>
  </testcase> <!-- addNewCustomer -->
  <testcase classname="com.netBanking.testCase.TC_LoginDDT_002" name="LoginDDT" time="0.0">
    <ignored/>
  </testcase> <!-- LoginDDT -->
</testsuite> <!-- GroupTest -->
