<?xml version="1.0" encoding="UTF-8"?>
<!-- Generated by org.testng.reporters.JUnitXMLReporter -->
<testsuite ignored="0" hostname="LAPTOP-7ICRH45S" failures="9" tests="14" name="GroupTest" time="1.711" errors="0" timestamp="2026-03-19T01:45:42 IST">
  <testcase classname="com.netBanking.testCase.TC_LoginTest_01" name="loginTest" time="0.05">
    <skipped/>
  </testcase> <!-- loginTest -->
  <testcase classname="com.netBanking.testCase.TC_LoginTest_01" name="loginTest" time="0.005">
    <skipped/>
  </testcase> <!-- loginTest -->
  <testcase classname="com.netBanking.testCase.TC_LoginTest_01" name="loginTest" time="0.008">
    <skipped/>
  </testcase> <!-- loginTest -->
  <testcase classname="com.netBanking.testCase.TC_LoginTest_01" name="loginTest" time="0.006">
    <skipped/>
  </testcase> <!-- loginTest -->
  <testcase classname="com.netBanking.testCase.TC_LoginTest_01" name="loginTest" time="0.004">
    <skipped/>
  </testcase> <!-- loginTest -->
  <testcase classname="com.netBanking.testCase.TC_LoginTest_01" name="loginTest" time="0.005">
    <failure type="java.lang.NullPointerException">
      <![CDATA[java.lang.NullPointerException
at com.netBanking.testCase.TC_LoginTest_01.loginTest(TC_LoginTest_01.java:28)
at java.base/java.util.ArrayList.forEach(ArrayList.java:1541)
at java.base/java.util.concurrent.FutureTask.run(FutureTask.java:264)
at java.base/java.util.concurrent.ThreadPoolExecutor.runWorker(ThreadPoolExecutor.java:1128)
at java.base/java.util.concurrent.ThreadPoolExecutor$Worker.run(ThreadPoolExecutor.java:628)
at java.base/java.lang.Thread.run(Thread.java:834)
... Removed 17 stack frames]]>
    </failure>
  </testcase> <!-- loginTest -->
  <testcase classname="com.netBanking.testCase.TC_LoginDDT_002" name="LoginDDT" time="0.026">
    <failure type="java.lang.NullPointerException">
      <![CDATA[java.lang.NullPointerException
at org.openqa.selenium.support.pagefactory.DefaultElementLocator.findElement(DefaultElementLocator.java:69)
at org.openqa.selenium.support.pagefactory.internal.LocatingElementHandler.invoke(LocatingElementHandler.java:38)
at com.sun.proxy.$Proxy39.sendKeys(Unknown Source)
at com.netBanking.pageObject.LoginPage.setUserName(LoginPage.java:33)
at com.netBanking.testCase.TC_LoginDDT_002.LoginDDT(TC_LoginDDT_002.java:21)
at java.base/java.util.ArrayList.forEach(ArrayList.java:1541)
at java.base/java.util.concurrent.FutureTask.run(FutureTask.java:264)
at java.base/java.util.concurrent.ThreadPoolExecutor.runWorker(ThreadPoolExecutor.java:1128)
at java.base/java.util.concurrent.ThreadPoolExecutor$Worker.run(ThreadPoolExecutor.java:628)
at java.base/java.lang.Thread.run(Thread.java:834)
... Removed 17 stack frames]]>
    </failure>
  </testcase> <!-- LoginDDT -->
  <testcase classname="com.netBanking.testCase.TC_LoginDDT_002" name="LoginDDT" time="0.004">
    <failure type="java.lang.NullPointerException">
      <![CDATA[java.lang.NullPointerException
at org.openqa.selenium.support.pagefactory.DefaultElementLocator.findElement(DefaultElementLocator.java:69)
at org.openqa.selenium.support.pagefactory.internal.LocatingElementHandler.invoke(LocatingElementHandler.java:38)
at com.sun.proxy.$Proxy39.sendKeys(Unknown Source)
at com.netBanking.pageObject.LoginPage.setUserName(LoginPage.java:33)
at com.netBanking.testCase.TC_LoginDDT_002.LoginDDT(TC_LoginDDT_002.java:21)
at java.base/java.util.ArrayList.forEach(ArrayList.java:1541)
at java.base/java.util.concurrent.FutureTask.run(FutureTask.java:264)
at java.base/java.util.concurrent.ThreadPoolExecutor.runWorker(ThreadPoolExecutor.java:1128)
at java.base/java.util.concurrent.ThreadPoolExecutor$Worker.run(ThreadPoolExecutor.java:628)
at java.base/java.lang.Thread.run(Thread.java:834)
... Removed 17 stack frames]]>
    </failure>
  </testcase> <!-- LoginDDT -->
  <testcase classname="com.netBanking.testCase.TC_LoginDDT_002" name="LoginDDT" time="0.003">
    <failure type="java.lang.NullPointerException">
      <![CDATA[java.lang.NullPointerException
at org.openqa.selenium.support.pagefactory.DefaultElementLocator.findElement(DefaultElementLocator.java:69)
at org.openqa.selenium.support.pagefactory.internal.LocatingElementHandler.invoke(LocatingElementHandler.java:38)
at com.sun.proxy.$Proxy39.sendKeys(Unknown Source)
at com.netBanking.pageObject.LoginPage.setUserName(LoginPage.java:33)
at com.netBanking.testCase.TC_LoginDDT_002.LoginDDT(TC_LoginDDT_002.java:21)
at java.base/java.util.ArrayList.forEach(ArrayList.java:1541)
at java.base/java.util.concurrent.FutureTask.run(FutureTask.java:264)
at java.base/java.util.concurrent.ThreadPoolExecutor.runWorker(ThreadPoolExecutor.java:1128)
at java.base/java.util.concurrent.ThreadPoolExecutor$Worker.run(ThreadPoolExecutor.java:628)
at java.base/java.lang.Thread.run(Thread.java:834)
... Removed 17 stack frames]]>
    </failure>
  </testcase> <!-- LoginDDT -->
  <testcase classname="com.netBanking.testCase.TC_LoginDDT_002" name="LoginDDT" time="0.004">
    <failure type="java.lang.NullPointerException">
      <![CDATA[java.lang.NullPointerException
at org.openqa.selenium.support.pagefactory.DefaultElementLocator.findElement(DefaultElementLocator.java:69)
at org.openqa.selenium.support.pagefactory.internal.LocatingElementHandler.invoke(LocatingElementHandler.java:38)
at com.sun.proxy.$Proxy39.sendKeys(Unknown Source)
at com.netBanking.pageObject.LoginPage.setUserName(LoginPage.java:33)
at com.netBanking.testCase.TC_LoginDDT_002.LoginDDT(TC_LoginDDT_002.java:21)
at java.base/java.util.ArrayList.forEach(ArrayList.java:1541)
at java.base/java.util.concurrent.FutureTask.run(FutureTask.java:264)
at java.base/java.util.concurrent.ThreadPoolExecutor.runWorker(ThreadPoolExecutor.java:1128)
at java.base/java.util.concurrent.ThreadPoolExecutor$Worker.run(ThreadPoolExecutor.java:628)
at java.base/java.lang.Thread.run(Thread.java:834)
... Removed 17 stack frames]]>
    </failure>
  </testcase> <!-- LoginDDT -->
  <testcase classname="com.netBanking.testCase.TC_LoginDDT_002" name="LoginDDT" time="0.002">
    <failure type="java.lang.NullPointerException">
      <![CDATA[java.lang.NullPointerException
at org.openqa.selenium.support.pagefactory.DefaultElementLocator.findElement(DefaultElementLocator.java:69)
at org.openqa.selenium.support.pagefactory.internal.LocatingElementHandler.invoke(LocatingElementHandler.java:38)
at com.sun.proxy.$Proxy39.sendKeys(Unknown Source)
at com.netBanking.pageObject.LoginPage.setUserName(LoginPage.java:33)
at com.netBanking.testCase.TC_LoginDDT_002.LoginDDT(TC_LoginDDT_002.java:21)
at java.base/java.util.ArrayList.forEach(ArrayList.java:1541)
at java.base/java.util.concurrent.FutureTask.run(FutureTask.java:264)
at java.base/java.util.concurrent.ThreadPoolExecutor.runWorker(ThreadPoolExecutor.java:1128)
at java.base/java.util.concurrent.ThreadPoolExecutor$Worker.run(ThreadPoolExecutor.java:628)
at java.base/java.lang.Thread.run(Thread.java:834)
... Removed 17 stack frames]]>
    </failure>
  </testcase> <!-- LoginDDT -->
  <testcase classname="com.netBanking.testCase.TC_LoginDDT_002" name="LoginDDT" time="0.005">
    <failure type="java.lang.NullPointerException">
      <![CDATA[java.lang.NullPointerException
at org.openqa.selenium.support.pagefactory.DefaultElementLocator.findElement(DefaultElementLocator.java:69)
at org.openqa.selenium.support.pagefactory.internal.LocatingElementHandler.invoke(LocatingElementHandler.java:38)
at com.sun.proxy.$Proxy39.sendKeys(Unknown Source)
at com.netBanking.pageObject.LoginPage.setUserName(LoginPage.java:33)
at com.netBanking.testCase.TC_LoginDDT_002.LoginDDT(TC_LoginDDT_002.java:21)
at java.base/java.util.ArrayList.forEach(ArrayList.java:1541)
at java.base/java.util.concurrent.FutureTask.run(FutureTask.java:264)
at java.base/java.util.concurrent.ThreadPoolExecutor.runWorker(ThreadPoolExecutor.java:1128)
at java.base/java.util.concurrent.ThreadPoolExecutor$Worker.run(ThreadPoolExecutor.java:628)
at java.base/java.lang.Thread.run(Thread.java:834)
... Removed 17 stack frames]]>
    </failure>
  </testcase> <!-- LoginDDT -->
  <testcase classname="com.netBanking.testCase.TC_LoginDDT_002" name="LoginDDT" time="0.003">
    <failure type="java.lang.NullPointerException">
      <![CDATA[java.lang.NullPointerException
at org.openqa.selenium.support.pagefactory.DefaultElementLocator.findElement(DefaultElementLocator.java:69)
at org.openqa.selenium.support.pagefactory.internal.LocatingElementHandler.invoke(LocatingElementHandler.java:38)
at com.sun.proxy.$Proxy39.sendKeys(Unknown Source)
at com.netBanking.pageObject.LoginPage.setUserName(LoginPage.java:33)
at com.netBanking.testCase.TC_LoginDDT_002.LoginDDT(TC_LoginDDT_002.java:21)
at java.base/java.util.ArrayList.forEach(ArrayList.java:1541)
at java.base/java.util.concurrent.FutureTask.run(FutureTask.java:264)
at java.base/java.util.concurrent.ThreadPoolExecutor.runWorker(ThreadPoolExecutor.java:1128)
at java.base/java.util.concurrent.ThreadPoolExecutor$Worker.run(ThreadPoolExecutor.java:628)
at java.base/java.lang.Thread.run(Thread.java:834)
... Removed 17 stack frames]]>
    </failure>
  </testcase> <!-- LoginDDT -->
  <testcase classname="com.netBanking.testCase.TC_AddNewCustomerTest_03" name="addNewCustomer" time="0.005">
    <failure type="java.lang.NullPointerException">
      <![CDATA[java.lang.NullPointerException
at com.netBanking.testCase.TC_AddNewCustomerTest_03.addNewCustomer(TC_AddNewCustomerTest_03.java:14)
at java.base/java.util.ArrayList.forEach(ArrayList.java:1541)
at java.base/java.util.concurrent.FutureTask.run(FutureTask.java:264)
at java.base/java.util.concurrent.ThreadPoolExecutor.runWorker(ThreadPoolExecutor.java:1128)
at java.base/java.util.concurrent.ThreadPoolExecutor$Worker.run(ThreadPoolExecutor.java:628)
at java.base/java.lang.Thread.run(Thread.java:834)
... Removed 17 stack frames]]>
    </failure>
  </testcase> <!-- addNewCustomer -->
</testsuite> <!-- GroupTest -->
