<?xml version="1.0" encoding="UTF-8"?>
<!-- Generated by org.testng.reporters.JUnitXMLReporter -->
<testsuite ignored="0" hostname="LAPTOP-7ICRH45S" failures="0" tests="9" name="Test" time="84.136" errors="0" timestamp="2026-03-07T02:12:53 IST">
  <testcase classname="com.netBanking.testCase.TC_LoginTest_01" name="loginTest" time="1.403"/>
  <testcase classname="com.netBanking.testCase.TC_LoginDDT_002" name="LoginDDT" time="7.801"/>
  <testcase classname="com.netBanking.testCase.TC_LoginDDT_002" name="LoginDDT" time="7.123"/>
  <testcase classname="com.netBanking.testCase.TC_LoginDDT_002" name="LoginDDT" time="9.761"/>
  <testcase classname="com.netBanking.testCase.TC_LoginDDT_002" name="LoginDDT" time="7.142"/>
  <testcase classname="com.netBanking.testCase.TC_LoginDDT_002" name="LoginDDT" time="7.189"/>
  <testcase classname="com.netBanking.testCase.TC_LoginDDT_002" name="LoginDDT" time="9.281"/>
  <testcase classname="com.netBanking.testCase.TC_LoginDDT_002" name="LoginDDT" time="7.146"/>
  <testcase classname="com.netBanking.testCase.TC_AddNewCustomerTest_03" name="addNewCustomer" time="14.067"/>
</testsuite> <!-- Test -->
