<?xml version="1.0" encoding="UTF-8"?>
<!-- Generated by org.testng.reporters.JUnitXMLReporter -->
<testsuite ignored="0" hostname="LAPTOP-7ICRH45S" failures="1" tests="9" name="Test" time="84.304" errors="0" timestamp="06 Mar 2026 20:54:27 GMT">
  <testcase classname="com.netBanking.testCase.TC_LoginTest_01" name="loginTest" time="1.172"/>
  <testcase classname="com.netBanking.testCase.TC_LoginDDT_002" name="LoginDDT" time="7.381"/>
  <testcase classname="com.netBanking.testCase.TC_LoginDDT_002" name="LoginDDT" time="7.603"/>
  <testcase classname="com.netBanking.testCase.TC_LoginDDT_002" name="LoginDDT" time="8.866"/>
  <testcase classname="com.netBanking.testCase.TC_LoginDDT_002" name="LoginDDT" time="7.19"/>
  <testcase classname="com.netBanking.testCase.TC_LoginDDT_002" name="LoginDDT" time="7.254"/>
  <testcase classname="com.netBanking.testCase.TC_LoginDDT_002" name="LoginDDT" time="9.342"/>
  <testcase classname="com.netBanking.testCase.TC_LoginDDT_002" name="LoginDDT" time="7.353"/>
  <testcase classname="com.netBanking.testCase.TC_AddNewCustomerTest_03" name="addNewCustomer" time="14.918">
    <failure type="java.lang.AssertionError">
      <![CDATA[java.lang.AssertionError
at com.netBanking.testCase.TC_AddNewCustomerTest_03.addNewCustomer(TC_AddNewCustomerTest_03.java:54)
... Removed 29 stack frames]]>
    </failure>
  </testcase> <!-- addNewCustomer -->
</testsuite> <!-- Test -->
