<?xml version="1.0" encoding="UTF-8"?>
<testsuite xmlns:xsi="http://www.w3.org/2001/XMLSchema-instance" xsi:noNamespaceSchemaLocation="https://maven.apache.org/surefire/maven-surefire-plugin/xsd/surefire-test-report.xsd" version="3.0.2" name="TestSuite" time="85.52" tests="9" errors="0" skipped="0" failures="1">
  <properties>
[...]
</properties>
  <testcase name="loginTest" classname="com.netBanking.testCase.TC_LoginTest_01" time="1.216">
    <system-out><![CDATA[[TestNGContentHandler] [WARN] It is strongly recommended to add "<!DOCTYPE suite SYSTEM "http://testng.org/testng-1.0.dtd" >" at the top of your file, otherwise TestNG may fail or not work as expected.
2026-03-07 02:23:06.929 [main] INFO  netBanking - **** Starting TC_LoginTest_01 ****
2026-03-07 02:23:07.119 [main] INFO  netBanking - ****Entered Username ****
2026-03-07 02:23:07.211 [main] INFO  netBanking - ****Entered password ****
2026-03-07 02:23:08.014 [main] INFO  netBanking - **** Login test passed ****
]]></system-out>
    <system-err><![CDATA[SLF4J: Failed to load class "org.slf4j.impl.StaticLoggerBinder".
SLF4J: Defaulting to no-operation (NOP) logger implementation
SLF4J: See http://www.slf4j.org/codes.html#StaticLoggerBinder for further details.
Starting ChromeDriver 145.0.7632.117 (de4e5d6e13b995f5e04137970c0e8ec456017467-refs/branch-heads/7632@{#3101}) on port 55672
Only local connections are allowed.
Please see https://chromedriver.chromium.org/security-considerations for suggestions on keeping ChromeDriver safe.
ChromeDriver was started successfully on port 55672.
Mar 07, 2026 2:23:04 AM org.openqa.selenium.remote.ProtocolHandshake createSession
INFO: Detected dialect: W3C
]]></system-err>
  </testcase>
  <testcase name="LoginDDT[mngr652899, ddaadsad](1)" classname="com.netBanking.testCase.TC_LoginDDT_002" time="7.377">
    <system-out><![CDATA[2026-03-07 02:23:15.440 [main] INFO  netBanking - ****Entered Username ****
2026-03-07 02:23:17.635 [main] INFO  netBanking - ****Entered password ****
2026-03-07 02:23:20.668 [main] WARN  netBanking - **** Login failed ****
]]></system-out>
    <system-err><![CDATA[Starting ChromeDriver 145.0.7632.117 (de4e5d6e13b995f5e04137970c0e8ec456017467-refs/branch-heads/7632@{#3101}) on port 32761
Only local connections are allowed.
Please see https://chromedriver.chromium.org/security-considerations for suggestions on keeping ChromeDriver safe.
ChromeDriver was started successfully on port 32761.
Mar 07, 2026 2:23:09 AM org.openqa.selenium.remote.ProtocolHandshake createSession
INFO: Detected dialect: W3C
]]></system-err>
  </testcase>
  <testcase name="LoginDDT[dsdsdw232, dqwdwqd](2)" classname="com.netBanking.testCase.TC_LoginDDT_002" time="7.599">
    <system-out><![CDATA[2026-03-07 02:23:22.792 [main] INFO  netBanking - ****Entered Username ****
2026-03-07 02:23:24.890 [main] INFO  netBanking - ****Entered password ****
2026-03-07 02:23:28.276 [main] WARN  netBanking - **** Login failed ****
]]></system-out>
  </testcase>
  <testcase name="LoginDDT[mngr655103, UnybUpy](3)" classname="com.netBanking.testCase.TC_LoginDDT_002" time="8.864">
    <system-out><![CDATA[2026-03-07 02:23:30.386 [main] INFO  netBanking - ****Entered Username ****
2026-03-07 02:23:32.482 [main] INFO  netBanking - ****Entered password ****
2026-03-07 02:23:34.837 [main] INFO  netBanking - **** Login passed ****
]]></system-out>
  </testcase>
  <testcase name="LoginDDT[32323ed, gYrepaj](4)" classname="com.netBanking.testCase.TC_LoginDDT_002" time="7.191">
    <system-out><![CDATA[2026-03-07 02:23:39.278 [main] INFO  netBanking - ****Entered Username ****
2026-03-07 02:23:41.437 [main] INFO  netBanking - ****Entered password ****
2026-03-07 02:23:44.335 [main] WARN  netBanking - **** Login failed ****
]]></system-out>
  </testcase>
  <testcase name="LoginDDT[dsdsdw233, dwdw](5)" classname="com.netBanking.testCase.TC_LoginDDT_002" time="7.252">
    <system-out><![CDATA[2026-03-07 02:23:46.450 [main] INFO  netBanking - ****Entered Username ****
2026-03-07 02:23:48.536 [main] INFO  netBanking - ****Entered password ****
2026-03-07 02:23:51.592 [main] WARN  netBanking - **** Login failed ****
]]></system-out>
  </testcase>
  <testcase name="LoginDDT[mngr655103, UnybUpy](6)" classname="com.netBanking.testCase.TC_LoginDDT_002" time="9.338">
    <system-out><![CDATA[2026-03-07 02:23:53.740 [main] INFO  netBanking - ****Entered Username ****
2026-03-07 02:23:55.953 [main] INFO  netBanking - ****Entered password ****
2026-03-07 02:23:58.570 [main] INFO  netBanking - **** Login passed ****
]]></system-out>
  </testcase>
  <testcase name="LoginDDT[wqwqdqw, gYrepaj](7)" classname="com.netBanking.testCase.TC_LoginDDT_002" time="7.353">
    <system-out><![CDATA[2026-03-07 02:24:03.055 [main] INFO  netBanking - ****Entered Username ****
2026-03-07 02:24:05.244 [main] INFO  netBanking - ****Entered password ****
2026-03-07 02:24:08.290 [main] WARN  netBanking - **** Login failed ****
]]></system-out>
  </testcase>
  <testcase name="addNewCustomer" classname="com.netBanking.testCase.TC_AddNewCustomerTest_03" time="14.927">
    <failure type="java.lang.AssertionError"><![CDATA[java.lang.AssertionError
	at com.netBanking.testCase.TC_AddNewCustomerTest_03.addNewCustomer(TC_AddNewCustomerTest_03.java:54)
	at java.base/jdk.internal.reflect.NativeMethodAccessorImpl.invoke0(Native Method)
	at java.base/jdk.internal.reflect.NativeMethodAccessorImpl.invoke(NativeMethodAccessorImpl.java:62)
	at java.base/jdk.internal.reflect.DelegatingMethodAccessorImpl.invoke(DelegatingMethodAccessorImpl.java:43)
	at java.base/java.lang.reflect.Method.invoke(Method.java:566)
	at org.testng.internal.MethodInvocationHelper.invokeMethod(MethodInvocationHelper.java:124)
	at org.testng.internal.Invoker.invokeMethod(Invoker.java:583)
	at org.testng.internal.Invoker.invokeTestMethod(Invoker.java:719)
	at org.testng.internal.Invoker.invokeTestMethods(Invoker.java:989)
	at org.testng.internal.TestMethodWorker.invokeTestMethods(TestMethodWorker.java:125)
	at org.testng.internal.TestMethodWorker.run(TestMethodWorker.java:109)
	at org.testng.TestRunner.privateRun(TestRunner.java:648)
	at org.testng.TestRunner.run(TestRunner.java:505)
	at org.testng.SuiteRunner.runTest(SuiteRunner.java:455)
	at org.testng.SuiteRunner.runSequentially(SuiteRunner.java:450)
	at org.testng.SuiteRunner.privateRun(SuiteRunner.java:415)
	at org.testng.SuiteRunner.run(SuiteRunner.java:364)
	at org.testng.SuiteRunnerWorker.runSuite(SuiteRunnerWorker.java:52)
	at org.testng.SuiteRunnerWorker.run(SuiteRunnerWorker.java:84)
	at org.testng.TestNG.runSuitesSequentially(TestNG.java:1208)
	at org.testng.TestNG.runSuitesLocally(TestNG.java:1137)
	at org.testng.TestNG.runSuites(TestNG.java:1049)
	at org.testng.TestNG.run(TestNG.java:1017)
	at org.apache.maven.surefire.testng.TestNGExecutor.run(TestNGExecutor.java:308)
	at org.apache.maven.surefire.testng.TestNGXmlTestSuite.execute(TestNGXmlTestSuite.java:71)
	at org.apache.maven.surefire.testng.TestNGProvider.invoke(TestNGProvider.java:113)
	at org.apache.maven.surefire.booter.ForkedBooter.runSuitesInProcess(ForkedBooter.java:385)
	at org.apache.maven.surefire.booter.ForkedBooter.execute(ForkedBooter.java:162)
	at org.apache.maven.surefire.booter.ForkedBooter.run(ForkedBooter.java:507)
	at org.apache.maven.surefire.booter.ForkedBooter.main(ForkedBooter.java:495)
]]></failure>
    <system-out><![CDATA[2026-03-07 02:24:12.144 [main] INFO  netBanking - **** Entered Username ****
2026-03-07 02:24:12.318 [main] INFO  netBanking - **** Entered password ****
2026-03-07 02:24:13.439 [main] INFO  netBanking - **** Logged in successfully ****
2026-03-07 02:24:16.993 [main] INFO  netBanking - **** Providing customer details ****
2026-03-07 02:24:26.885 [main] INFO  netBanking - **** Verifying new customer added ****
]]></system-out>
    <system-err><![CDATA[Starting ChromeDriver 145.0.7632.117 (de4e5d6e13b995f5e04137970c0e8ec456017467-refs/branch-heads/7632@{#3101}) on port 17716
Only local connections are allowed.
Please see https://chromedriver.chromium.org/security-considerations for suggestions on keeping ChromeDriver safe.
ChromeDriver was started successfully on port 17716.
Mar 07, 2026 2:24:09 AM org.openqa.selenium.remote.ProtocolHandshake createSession
INFO: Detected dialect: W3C
]]></system-err>
  </testcase>
</testsuite>