<?xml version="1.0" encoding="UTF-8"?>
<testng-results ignored="0" total="9" passed="8" failed="1" skipped="0">
  <reporter-output>
  </reporter-output>
  <suite started-at="2026-03-06T20:53:02Z" name="Suite" finished-at="2026-03-06T20:54:27Z" duration-ms="84304">
    <groups>
      <group name="regression">
        <method signature="TC_LoginDDT_002.LoginDDT(java.lang.String, java.lang.String)[pri:0, instance:com.netBanking.testCase.TC_LoginDDT_002@a202ccb]" name="LoginDDT" class="com.netBanking.testCase.TC_LoginDDT_002"/>
      </group> <!-- regression -->
      <group name="smoke">
        <method signature="TC_AddNewCustomerTest_03.addNewCustomer()[pri:0, instance:com.netBanking.testCase.TC_AddNewCustomerTest_03@20f12539]" name="addNewCustomer" class="com.netBanking.testCase.TC_AddNewCustomerTest_03"/>
        <method signature="TC_LoginTest_01.loginTest()[pri:0, instance:com.netBanking.testCase.TC_LoginTest_01@6da00fb9]" name="loginTest" class="com.netBanking.testCase.TC_LoginTest_01"/>
      </group> <!-- smoke -->
    </groups>
    <test started-at="2026-03-06T20:53:02Z" name="Test" finished-at="2026-03-06T20:54:27Z" duration-ms="84304">
      <class name="com.netBanking.testCase.TC_LoginDDT_002">
        <test-method is-config="true" signature="setup(java.lang.String)[pri:0, instance:com.netBanking.testCase.TC_LoginDDT_002@a202ccb]" started-at="2026-03-06T20:53:08Z" name="setup" finished-at="2026-03-06T20:53:11Z" duration-ms="3043" status="PASS">
          <params>
            <param index="0">
              <value>
                <![CDATA[chrome]]>
              </value>
            </param>
          </params>
          <reporter-output>
          </reporter-output>
        </test-method> <!-- setup -->
        <test-method signature="LoginDDT(java.lang.String, java.lang.String)[pri:0, instance:com.netBanking.testCase.TC_LoginDDT_002@a202ccb]" started-at="2026-03-06T20:53:13Z" name="LoginDDT" data-provider="LoginData" finished-at="2026-03-06T20:53:20Z" duration-ms="7381" status="PASS">
          <params>
            <param index="0">
              <value>
                <![CDATA[mngr652899]]>
              </value>
            </param>
            <param index="1">
              <value>
                <![CDATA[ddaadsad]]>
              </value>
            </param>
          </params>
          <reporter-output>
          </reporter-output>
        </test-method> <!-- LoginDDT -->
        <test-method signature="LoginDDT(java.lang.String, java.lang.String)[pri:0, instance:com.netBanking.testCase.TC_LoginDDT_002@a202ccb]" started-at="2026-03-06T20:53:20Z" name="LoginDDT" data-provider="LoginData" finished-at="2026-03-06T20:53:28Z" duration-ms="7603" status="PASS">
          <params>
            <param index="0">
              <value>
                <![CDATA[dsdsdw232]]>
              </value>
            </param>
            <param index="1">
              <value>
                <![CDATA[dqwdwqd]]>
              </value>
            </param>
          </params>
          <reporter-output>
          </reporter-output>
        </test-method> <!-- LoginDDT -->
        <test-method signature="LoginDDT(java.lang.String, java.lang.String)[pri:0, instance:com.netBanking.testCase.TC_LoginDDT_002@a202ccb]" started-at="2026-03-06T20:53:28Z" name="LoginDDT" data-provider="LoginData" finished-at="2026-03-06T20:53:37Z" duration-ms="8866" status="PASS">
          <params>
            <param index="0">
              <value>
                <![CDATA[mngr655103]]>
              </value>
            </param>
            <param index="1">
              <value>
                <![CDATA[UnybUpy]]>
              </value>
            </param>
          </params>
          <reporter-output>
          </reporter-output>
        </test-method> <!-- LoginDDT -->
        <test-method signature="LoginDDT(java.lang.String, java.lang.String)[pri:0, instance:com.netBanking.testCase.TC_LoginDDT_002@a202ccb]" started-at="2026-03-06T20:53:37Z" name="LoginDDT" data-provider="LoginData" finished-at="2026-03-06T20:53:44Z" duration-ms="7190" status="PASS">
          <params>
            <param index="0">
              <value>
                <![CDATA[32323ed]]>
              </value>
            </param>
            <param index="1">
              <value>
                <![CDATA[gYrepaj]]>
              </value>
            </param>
          </params>
          <reporter-output>
          </reporter-output>
        </test-method> <!-- LoginDDT -->
        <test-method signature="LoginDDT(java.lang.String, java.lang.String)[pri:0, instance:com.netBanking.testCase.TC_LoginDDT_002@a202ccb]" started-at="2026-03-06T20:53:44Z" name="LoginDDT" data-provider="LoginData" finished-at="2026-03-06T20:53:51Z" duration-ms="7254" status="PASS">
          <params>
            <param index="0">
              <value>
                <![CDATA[dsdsdw233]]>
              </value>
            </param>
            <param index="1">
              <value>
                <![CDATA[dwdw]]>
              </value>
            </param>
          </params>
          <reporter-output>
          </reporter-output>
        </test-method> <!-- LoginDDT -->
        <test-method signature="LoginDDT(java.lang.String, java.lang.String)[pri:0, instance:com.netBanking.testCase.TC_LoginDDT_002@a202ccb]" started-at="2026-03-06T20:53:51Z" name="LoginDDT" data-provider="LoginData" finished-at="2026-03-06T20:54:00Z" duration-ms="9342" status="PASS">
          <params>
            <param index="0">
              <value>
                <![CDATA[mngr655103]]>
              </value>
            </param>
            <param index="1">
              <value>
                <![CDATA[UnybUpy]]>
              </value>
            </param>
          </params>
          <reporter-output>
          </reporter-output>
        </test-method> <!-- LoginDDT -->
        <test-method signature="LoginDDT(java.lang.String, java.lang.String)[pri:0, instance:com.netBanking.testCase.TC_LoginDDT_002@a202ccb]" started-at="2026-03-06T20:54:00Z" name="LoginDDT" data-provider="LoginData" finished-at="2026-03-06T20:54:08Z" duration-ms="7353" status="PASS">
          <params>
            <param index="0">
              <value>
                <![CDATA[wqwqdqw]]>
              </value>
            </param>
            <param index="1">
              <value>
                <![CDATA[gYrepaj]]>
              </value>
            </param>
          </params>
          <reporter-output>
          </reporter-output>
        </test-method> <!-- LoginDDT -->
        <test-method is-config="true" signature="tearDown()[pri:0, instance:com.netBanking.testCase.TC_LoginDDT_002@a202ccb]" started-at="2026-03-06T20:54:08Z" name="tearDown" finished-at="2026-03-06T20:54:08Z" duration-ms="244" status="PASS">
          <reporter-output>
          </reporter-output>
        </test-method> <!-- tearDown -->
      </class> <!-- com.netBanking.testCase.TC_LoginDDT_002 -->
      <class name="com.netBanking.testCase.TC_AddNewCustomerTest_03">
        <test-method is-config="true" signature="setup(java.lang.String)[pri:0, instance:com.netBanking.testCase.TC_AddNewCustomerTest_03@20f12539]" started-at="2026-03-06T20:54:08Z" name="setup" finished-at="2026-03-06T20:54:11Z" duration-ms="3429" status="PASS">
          <params>
            <param index="0">
              <value>
                <![CDATA[chrome]]>
              </value>
            </param>
          </params>
          <reporter-output>
          </reporter-output>
        </test-method> <!-- setup -->
        <test-method signature="addNewCustomer()[pri:0, instance:com.netBanking.testCase.TC_AddNewCustomerTest_03@20f12539]" started-at="2026-03-06T20:54:11Z" name="addNewCustomer" finished-at="2026-03-06T20:54:26Z" duration-ms="14918" status="FAIL">
          <exception class="java.lang.AssertionError">
            <full-stacktrace>
              <![CDATA[java.lang.AssertionError
at com.netBanking.testCase.TC_AddNewCustomerTest_03.addNewCustomer(TC_AddNewCustomerTest_03.java:54)
at java.base/jdk.internal.reflect.NativeMethodAccessorImpl.invoke0(Native Method)
at java.base/jdk.internal.reflect.NativeMethodAccessorImpl.invoke(NativeMethodAccessorImpl.java:62)
at java.base/jdk.internal.reflect.DelegatingMethodAccessorImpl.invoke(DelegatingMethodAccessorImpl.java:43)
at java.base/java.lang.reflect.Method.invoke(Method.java:566)
at org.testng.internal.MethodInvocationHelper.invokeMethod(MethodInvocationHelper.java:124)
at org.testng.internal.Invoker.invokeMethod(Invoker.java:583)
at org.testng.internal.Invoker.invokeTestMethod(Invoker.java:719)
at org.testng.internal.Invoker.invokeTestMethods(Invoker.java:989)
at org.testng.internal.TestMethodWorker.invokeTestMethods(TestMethodWorker.java:125)
at org.testng.internal.TestMethodWorker.run(TestMethodWorker.java:109)
at org.testng.TestRunner.privateRun(TestRunner.java:648)
at org.testng.TestRunner.run(TestRunner.java:505)
at org.testng.SuiteRunner.runTest(SuiteRunner.java:455)
at org.testng.SuiteRunner.runSequentially(SuiteRunner.java:450)
at org.testng.SuiteRunner.privateRun(SuiteRunner.java:415)
at org.testng.SuiteRunner.run(SuiteRunner.java:364)
at org.testng.SuiteRunnerWorker.runSuite(SuiteRunnerWorker.java:52)
at org.testng.SuiteRunnerWorker.run(SuiteRunnerWorker.java:84)
at org.testng.TestNG.runSuitesSequentially(TestNG.java:1208)
at org.testng.TestNG.runSuitesLocally(TestNG.java:1137)
at org.testng.TestNG.runSuites(TestNG.java:1049)
at org.testng.TestNG.run(TestNG.java:1017)
at org.apache.maven.surefire.testng.TestNGExecutor.run(TestNGExecutor.java:308)
at org.apache.maven.surefire.testng.TestNGXmlTestSuite.execute(TestNGXmlTestSuite.java:71)
at org.apache.maven.surefire.testng.TestNGProvider.invoke(TestNGProvider.java:113)
at org.apache.maven.surefire.booter.ForkedBooter.runSuitesInProcess(ForkedBooter.java:385)
at org.apache.maven.surefire.booter.ForkedBooter.execute(ForkedBooter.java:162)
at org.apache.maven.surefire.booter.ForkedBooter.run(ForkedBooter.java:507)
at org.apache.maven.surefire.booter.ForkedBooter.main(ForkedBooter.java:495)
]]>
            </full-stacktrace>
          </exception> <!-- java.lang.AssertionError -->
          <reporter-output>
          </reporter-output>
        </test-method> <!-- addNewCustomer -->
        <test-method is-config="true" signature="tearDown()[pri:0, instance:com.netBanking.testCase.TC_AddNewCustomerTest_03@20f12539]" started-at="2026-03-06T20:54:26Z" name="tearDown" finished-at="2026-03-06T20:54:27Z" duration-ms="227" status="PASS">
          <reporter-output>
          </reporter-output>
        </test-method> <!-- tearDown -->
      </class> <!-- com.netBanking.testCase.TC_AddNewCustomerTest_03 -->
      <class name="com.netBanking.testCase.TC_LoginTest_01">
        <test-method is-config="true" signature="setup(java.lang.String)[pri:0, instance:com.netBanking.testCase.TC_LoginTest_01@6da00fb9]" started-at="2026-03-06T20:53:02Z" name="setup" finished-at="2026-03-06T20:53:06Z" duration-ms="3983" status="PASS">
          <params>
            <param index="0">
              <value>
                <![CDATA[chrome]]>
              </value>
            </param>
          </params>
          <reporter-output>
          </reporter-output>
        </test-method> <!-- setup -->
        <test-method signature="loginTest()[pri:0, instance:com.netBanking.testCase.TC_LoginTest_01@6da00fb9]" started-at="2026-03-06T20:53:06Z" name="loginTest" finished-at="2026-03-06T20:53:08Z" duration-ms="1172" status="PASS">
          <reporter-output>
          </reporter-output>
        </test-method> <!-- loginTest -->
        <test-method is-config="true" signature="tearDown()[pri:0, instance:com.netBanking.testCase.TC_LoginTest_01@6da00fb9]" started-at="2026-03-06T20:53:08Z" name="tearDown" finished-at="2026-03-06T20:53:08Z" duration-ms="234" status="PASS">
          <reporter-output>
          </reporter-output>
        </test-method> <!-- tearDown -->
      </class> <!-- com.netBanking.testCase.TC_LoginTest_01 -->
    </test> <!-- Test -->
  </suite> <!-- Suite -->
</testng-results>
