<?xml version="1.0" encoding="UTF-8"?>
<testng-results ignored="0" total="2" passed="2" failed="0" skipped="0">
  <reporter-output>
  </reporter-output>
  <suite started-at="2026-02-06T18:35:53Z" name="Suite" finished-at="2026-02-06T18:36:33Z" duration-ms="39127">
    <groups>
    </groups>
    <test started-at="2026-02-06T18:35:53Z" name="Test" finished-at="2026-02-06T18:36:33Z" duration-ms="39127">
      <class name="com.netBanking.testCase.TC_AddNewCustomerTest_03">
        <test-method is-config="true" signature="setup(java.lang.String)[pri:0, instance:com.netBanking.testCase.TC_AddNewCustomerTest_03@20a14b55]" started-at="2026-02-06T18:36:05Z" name="setup" finished-at="2026-02-06T18:36:16Z" duration-ms="10604" status="PASS">
          <params>
            <param index="0">
              <value>
                <![CDATA[chrome]]>
              </value>
            </param>
          </params>
          <reporter-output>
          </reporter-output>
        </test-method> <!-- setup -->
        <test-method signature="addNewCustomer()[pri:0, instance:com.netBanking.testCase.TC_AddNewCustomerTest_03@20a14b55]" started-at="2026-02-06T18:36:16Z" name="addNewCustomer" finished-at="2026-02-06T18:36:32Z" duration-ms="16656" status="PASS">
          <reporter-output>
          </reporter-output>
        </test-method> <!-- addNewCustomer -->
        <test-method is-config="true" signature="tearDown()[pri:0, instance:com.netBanking.testCase.TC_AddNewCustomerTest_03@20a14b55]" started-at="2026-02-06T18:36:32Z" name="tearDown" finished-at="2026-02-06T18:36:33Z" duration-ms="209" status="PASS">
          <reporter-output>
          </reporter-output>
        </test-method> <!-- tearDown -->
      </class> <!-- com.netBanking.testCase.TC_AddNewCustomerTest_03 -->
      <class name="com.netBanking.testCase.TC_LoginTest_01">
        <test-method is-config="true" signature="setup(java.lang.String)[pri:0, instance:com.netBanking.testCase.TC_LoginTest_01@3eeb318f]" started-at="2026-02-06T18:35:53Z" name="setup" finished-at="2026-02-06T18:36:02Z" duration-ms="8330" status="PASS">
          <params>
            <param index="0">
              <value>
                <![CDATA[chrome]]>
              </value>
            </param>
          </params>
          <reporter-output>
          </reporter-output>
        </test-method> <!-- setup -->
        <test-method signature="loginTest()[pri:0, instance:com.netBanking.testCase.TC_LoginTest_01@3eeb318f]" started-at="2026-02-06T18:36:02Z" name="loginTest" finished-at="2026-02-06T18:36:05Z" duration-ms="3066" status="PASS">
          <reporter-output>
          </reporter-output>
        </test-method> <!-- loginTest -->
        <test-method is-config="true" signature="tearDown()[pri:0, instance:com.netBanking.testCase.TC_LoginTest_01@3eeb318f]" started-at="2026-02-06T18:36:05Z" name="tearDown" finished-at="2026-02-06T18:36:05Z" duration-ms="166" status="PASS">
          <reporter-output>
          </reporter-output>
        </test-method> <!-- tearDown -->
      </class> <!-- com.netBanking.testCase.TC_LoginTest_01 -->
    </test> <!-- Test -->
  </suite> <!-- Suite -->
</testng-results>
