<?xml version="1.0" encoding="UTF-8"?>
<testsuite xmlns:xsi="http://www.w3.org/2001/XMLSchema-instance" xsi:noNamespaceSchemaLocation="https://maven.apache.org/surefire/maven-surefire-plugin/xsd/surefire-test-report.xsd" version="3.0.2" name="TestSuite" time="39.915" tests="2" errors="0" skipped="0" failures="0">
  <properties>
[...]
</properties>
  <testcase name="loginTest" classname="com.netBanking.testCase.TC_LoginTest_01" time="3.108">
    <system-out><![CDATA[[TestNGContentHandler] [WARN] It is strongly recommended to add "<!DOCTYPE suite SYSTEM "http://testng.org/testng-1.0.dtd" >" at the top of your file, otherwise TestNG may fail or not work as expected.
2026-02-07 00:06:02.343 [main] INFO  netBanking - **** Starting TC_LoginTest_01 ****
2026-02-07 00:06:02.462 [main] INFO  netBanking - ****Entered Username ****
2026-02-07 00:06:02.540 [main] INFO  netBanking - ****Entered password ****
2026-02-07 00:06:05.372 [main] INFO  netBanking - **** Login test passed ****
]]></system-out>
    <system-err><![CDATA[SLF4J: Failed to load class "org.slf4j.impl.StaticLoggerBinder".
SLF4J: Defaulting to no-operation (NOP) logger implementation
SLF4J: See http://www.slf4j.org/codes.html#StaticLoggerBinder for further details.
Starting ChromeDriver 144.0.7559.133 (7da823b1d594d1b49797911900e003ec96a8c0e7-refs/branch-heads/7559@{#4253}) on port 57038
Only local connections are allowed.
Please see https://chromedriver.chromium.org/security-considerations for suggestions on keeping ChromeDriver safe.
ChromeDriver was started successfully on port 57038.
Feb 07, 2026 12:05:56 AM org.openqa.selenium.remote.ProtocolHandshake createSession
INFO: Detected dialect: W3C
]]></system-err>
  </testcase>
  <testcase name="addNewCustomer" classname="com.netBanking.testCase.TC_AddNewCustomerTest_03" time="16.657">
    <system-out><![CDATA[2026-02-07 00:06:16.327 [main] INFO  netBanking - **** Entered Username ****
2026-02-07 00:06:16.390 [main] INFO  netBanking - **** Entered password ****
2026-02-07 00:06:18.234 [main] INFO  netBanking - **** Logged in successfully ****
2026-02-07 00:06:21.811 [main] INFO  netBanking - **** Providing customer details ****
2026-02-07 00:06:32.873 [main] INFO  netBanking - **** Verifying new customer added ****
2026-02-07 00:06:32.873 [main] INFO  netBanking - **** New Customer added successfully ****
]]></system-out>
    <system-err><![CDATA[Starting ChromeDriver 144.0.7559.133 (7da823b1d594d1b49797911900e003ec96a8c0e7-refs/branch-heads/7559@{#4253}) on port 9596
Only local connections are allowed.
Please see https://chromedriver.chromium.org/security-considerations for suggestions on keeping ChromeDriver safe.
ChromeDriver was started successfully on port 9596.
Feb 07, 2026 12:06:06 AM org.openqa.selenium.remote.ProtocolHandshake createSession
INFO: Detected dialect: W3C
]]></system-err>
  </testcase>
</testsuite>