<?xml version="1.0" encoding="UTF-8"?>
<testng-results ignored="0" total="9" passed="9" failed="0" skipped="0">
  <reporter-output>
  </reporter-output>
  <suite started-at="2026-02-05T23:19:09 IST" name="Suite" finished-at="2026-02-05T23:20:40 IST" duration-ms="90110">
    <groups>
    </groups>
    <test started-at="2026-02-05T23:19:09 IST" name="Test" finished-at="2026-02-05T23:20:40 IST" duration-ms="90110">
      <class name="com.netBanking.testCase.TC_LoginDDT_002">
        <test-method is-config="true" signature="setup(java.lang.String)[pri:0, instance:com.netBanking.testCase.TC_LoginDDT_002@41709512]" started-at="2026-02-05T23:19:15 IST" name="setup" finished-at="2026-02-05T23:19:19 IST" duration-ms="3798" status="PASS">
          <params>
            <param index="0">
              <value>
                <![CDATA[chrome]]>
              </value>
            </param>
          </params>
          <reporter-output>
          </reporter-output>
        </test-method> <!-- setup -->
        <test-method signature="LoginDDT(java.lang.String,java.lang.String)[pri:0, instance:com.netBanking.testCase.TC_LoginDDT_002@41709512]" started-at="2026-02-05T23:19:20 IST" name="LoginDDT" data-provider="LoginData" finished-at="2026-02-05T23:19:33 IST" duration-ms="12643" status="PASS">
          <params>
            <param index="0">
              <value>
                <![CDATA[mngr652899]]>
              </value>
            </param>
            <param index="1">
              <value>
                <![CDATA[ddaadsad]]>
              </value>
            </param>
          </params>
          <reporter-output>
          </reporter-output>
        </test-method> <!-- LoginDDT -->
        <test-method signature="LoginDDT(java.lang.String,java.lang.String)[pri:0, instance:com.netBanking.testCase.TC_LoginDDT_002@41709512]" started-at="2026-02-05T23:19:33 IST" name="LoginDDT" data-provider="LoginData" finished-at="2026-02-05T23:19:40 IST" duration-ms="7806" status="PASS">
          <params>
            <param index="0">
              <value>
                <![CDATA[dsdsdw232]]>
              </value>
            </param>
            <param index="1">
              <value>
                <![CDATA[dqwdwqd]]>
              </value>
            </param>
          </params>
          <reporter-output>
          </reporter-output>
        </test-method> <!-- LoginDDT -->
        <test-method signature="LoginDDT(java.lang.String,java.lang.String)[pri:0, instance:com.netBanking.testCase.TC_LoginDDT_002@41709512]" started-at="2026-02-05T23:19:40 IST" name="LoginDDT" data-provider="LoginData" finished-at="2026-02-05T23:19:49 IST" duration-ms="8989" status="PASS">
          <params>
            <param index="0">
              <value>
                <![CDATA[mngr652899]]>
              </value>
            </param>
            <param index="1">
              <value>
                <![CDATA[gYrepaj]]>
              </value>
            </param>
          </params>
          <reporter-output>
          </reporter-output>
        </test-method> <!-- LoginDDT -->
        <test-method signature="LoginDDT(java.lang.String,java.lang.String)[pri:0, instance:com.netBanking.testCase.TC_LoginDDT_002@41709512]" started-at="2026-02-05T23:19:49 IST" name="LoginDDT" data-provider="LoginData" finished-at="2026-02-05T23:19:56 IST" duration-ms="7037" status="PASS">
          <params>
            <param index="0">
              <value>
                <![CDATA[32323ed]]>
              </value>
            </param>
            <param index="1">
              <value>
                <![CDATA[gYrepaj]]>
              </value>
            </param>
          </params>
          <reporter-output>
          </reporter-output>
        </test-method> <!-- LoginDDT -->
        <test-method signature="LoginDDT(java.lang.String,java.lang.String)[pri:0, instance:com.netBanking.testCase.TC_LoginDDT_002@41709512]" started-at="2026-02-05T23:19:56 IST" name="LoginDDT" data-provider="LoginData" finished-at="2026-02-05T23:20:04 IST" duration-ms="8029" status="PASS">
          <params>
            <param index="0">
              <value>
                <![CDATA[dsdsdw233]]>
              </value>
            </param>
            <param index="1">
              <value>
                <![CDATA[dwdw]]>
              </value>
            </param>
          </params>
          <reporter-output>
          </reporter-output>
        </test-method> <!-- LoginDDT -->
        <test-method signature="LoginDDT(java.lang.String,java.lang.String)[pri:0, instance:com.netBanking.testCase.TC_LoginDDT_002@41709512]" started-at="2026-02-05T23:20:04 IST" name="LoginDDT" data-provider="LoginData" finished-at="2026-02-05T23:20:13 IST" duration-ms="8963" status="PASS">
          <params>
            <param index="0">
              <value>
                <![CDATA[mngr652899]]>
              </value>
            </param>
            <param index="1">
              <value>
                <![CDATA[gYrepaj]]>
              </value>
            </param>
          </params>
          <reporter-output>
          </reporter-output>
        </test-method> <!-- LoginDDT -->
        <test-method signature="LoginDDT(java.lang.String,java.lang.String)[pri:0, instance:com.netBanking.testCase.TC_LoginDDT_002@41709512]" started-at="2026-02-05T23:20:13 IST" name="LoginDDT" data-provider="LoginData" finished-at="2026-02-05T23:20:21 IST" duration-ms="7411" status="PASS">
          <params>
            <param index="0">
              <value>
                <![CDATA[wqwqdqw]]>
              </value>
            </param>
            <param index="1">
              <value>
                <![CDATA[gYrepaj]]>
              </value>
            </param>
          </params>
          <reporter-output>
          </reporter-output>
        </test-method> <!-- LoginDDT -->
        <test-method is-config="true" signature="tearDown()[pri:0, instance:com.netBanking.testCase.TC_LoginDDT_002@41709512]" started-at="2026-02-05T23:20:21 IST" name="tearDown" finished-at="2026-02-05T23:20:21 IST" duration-ms="178" status="PASS">
          <reporter-output>
          </reporter-output>
        </test-method> <!-- tearDown -->
      </class> <!-- com.netBanking.testCase.TC_LoginDDT_002 -->
      <class name="com.netBanking.testCase.TC_AddNewCustomerTest_03">
        <test-method is-config="true" signature="setup(java.lang.String)[pri:0, instance:com.netBanking.testCase.TC_AddNewCustomerTest_03@42039326]" started-at="2026-02-05T23:20:21 IST" name="setup" finished-at="2026-02-05T23:20:25 IST" duration-ms="3511" status="PASS">
          <params>
            <param index="0">
              <value>
                <![CDATA[chrome]]>
              </value>
            </param>
          </params>
          <reporter-output>
          </reporter-output>
        </test-method> <!-- setup -->
        <test-method signature="addNewCustomer()[pri:0, instance:com.netBanking.testCase.TC_AddNewCustomerTest_03@42039326]" started-at="2026-02-05T23:20:25 IST" name="addNewCustomer" finished-at="2026-02-05T23:20:39 IST" duration-ms="14708" status="PASS">
          <reporter-output>
          </reporter-output>
        </test-method> <!-- addNewCustomer -->
        <test-method is-config="true" signature="tearDown()[pri:0, instance:com.netBanking.testCase.TC_AddNewCustomerTest_03@42039326]" started-at="2026-02-05T23:20:39 IST" name="tearDown" finished-at="2026-02-05T23:20:40 IST" duration-ms="220" status="PASS">
          <reporter-output>
          </reporter-output>
        </test-method> <!-- tearDown -->
      </class> <!-- com.netBanking.testCase.TC_AddNewCustomerTest_03 -->
      <class name="com.netBanking.testCase.TC_LoginTest_01">
        <test-method is-config="true" signature="setup(java.lang.String)[pri:0, instance:com.netBanking.testCase.TC_LoginTest_01@6ed3f258]" started-at="2026-02-05T23:19:09 IST" name="setup" finished-at="2026-02-05T23:19:13 IST" duration-ms="3987" status="PASS">
          <params>
            <param index="0">
              <value>
                <![CDATA[chrome]]>
              </value>
            </param>
          </params>
          <reporter-output>
          </reporter-output>
        </test-method> <!-- setup -->
        <test-method signature="loginTest()[pri:0, instance:com.netBanking.testCase.TC_LoginTest_01@6ed3f258]" started-at="2026-02-05T23:19:13 IST" name="loginTest" finished-at="2026-02-05T23:19:15 IST" duration-ms="1250" status="PASS">
          <reporter-output>
          </reporter-output>
        </test-method> <!-- loginTest -->
        <test-method is-config="true" signature="tearDown()[pri:0, instance:com.netBanking.testCase.TC_LoginTest_01@6ed3f258]" started-at="2026-02-05T23:19:15 IST" name="tearDown" finished-at="2026-02-05T23:19:15 IST" duration-ms="180" status="PASS">
          <reporter-output>
          </reporter-output>
        </test-method> <!-- tearDown -->
      </class> <!-- com.netBanking.testCase.TC_LoginTest_01 -->
    </test> <!-- Test -->
  </suite> <!-- Suite -->
</testng-results>
