<?xml version="1.0" encoding="UTF-8"?>
<!-- Generated by org.testng.reporters.JUnitReportReporter -->
<testsuite hostname="LAPTOP-7ICRH45S" failures="0" tests="7" name="com.netBanking.testCase.TC_LoginDDT_002" time="55.443" errors="0" timestamp="2026-03-07T02:12:53 IST" skipped="0">
  <testcase classname="com.netBanking.testCase.TC_LoginDDT_002" name="LoginDDT" time="7.801"/>
  <testcase classname="com.netBanking.testCase.TC_LoginDDT_002" name="LoginDDT" time="7.142"/>
  <testcase classname="com.netBanking.testCase.TC_LoginDDT_002" name="LoginDDT" time="7.123"/>
  <testcase classname="com.netBanking.testCase.TC_LoginDDT_002" name="LoginDDT" time="9.761"/>
  <testcase classname="com.netBanking.testCase.TC_LoginDDT_002" name="LoginDDT" time="7.146"/>
  <testcase classname="com.netBanking.testCase.TC_LoginDDT_002" name="LoginDDT" time="7.189"/>
  <testcase classname="com.netBanking.testCase.TC_LoginDDT_002" name="LoginDDT" time="9.281"/>
</testsuite> <!-- com.netBanking.testCase.TC_LoginDDT_002 -->
