<?xml version="1.0" encoding="UTF-8"?>
<!-- Generated by org.testng.reporters.JUnitReportReporter -->
<testsuite hostname="LAPTOP-7ICRH45S" failures="0" tests="7" name="com.netBanking.testCase.TC_LoginDDT_002" time="60.878" errors="0" timestamp="2026-02-05T23:20:40 IST" skipped="0">
  <testcase classname="com.netBanking.testCase.TC_LoginDDT_002" name="LoginDDT" time="12.643"/>
  <testcase classname="com.netBanking.testCase.TC_LoginDDT_002" name="LoginDDT" time="8.989"/>
  <testcase classname="com.netBanking.testCase.TC_LoginDDT_002" name="LoginDDT" time="7.806"/>
  <testcase classname="com.netBanking.testCase.TC_LoginDDT_002" name="LoginDDT" time="8.029"/>
  <testcase classname="com.netBanking.testCase.TC_LoginDDT_002" name="LoginDDT" time="7.411"/>
  <testcase classname="com.netBanking.testCase.TC_LoginDDT_002" name="LoginDDT" time="8.963"/>
  <testcase classname="com.netBanking.testCase.TC_LoginDDT_002" name="LoginDDT" time="7.037"/>
</testsuite> <!-- com.netBanking.testCase.TC_LoginDDT_002 -->
