<?xml version="1.0" encoding="UTF-8"?>
<!-- Generated by org.testng.reporters.JUnitReportReporter -->
<testsuite hostname="LAPTOP-7ICRH45S" failures="0" tests="7" name="com.netBanking.testCase.TC_LoginDDT_002" time="54.989" errors="0" timestamp="06 Mar 2026 20:54:27 GMT" skipped="0">
  <testcase classname="com.netBanking.testCase.TC_LoginDDT_002" name="LoginDDT" time="7.190"/>
  <testcase classname="com.netBanking.testCase.TC_LoginDDT_002" name="LoginDDT" time="7.254"/>
  <testcase classname="com.netBanking.testCase.TC_LoginDDT_002" name="LoginDDT" time="9.342"/>
  <testcase classname="com.netBanking.testCase.TC_LoginDDT_002" name="LoginDDT" time="7.603"/>
  <testcase classname="com.netBanking.testCase.TC_LoginDDT_002" name="LoginDDT" time="7.381"/>
  <testcase classname="com.netBanking.testCase.TC_LoginDDT_002" name="LoginDDT" time="8.866"/>
  <testcase classname="com.netBanking.testCase.TC_LoginDDT_002" name="LoginDDT" time="7.353"/>
</testsuite> <!-- com.netBanking.testCase.TC_LoginDDT_002 -->
